     1                                  
     2                                  ;===== Function strlen ==================================================================================================
     3                                  ;************************************************************************************************************************
     4                                  ;Program name: "strlen".  This program computes the length of a string exclusive of the terminating null character.     *
     5                                  ;This is a library function not specific to any one program.  Copyright (C) 2018  Floyd Holliday                        *
     6                                  ;This program is free software: you can redistribute it and/or modify it under the terms of the GNU General Public      *
     7                                  ;License version 3 as published by the Free Software Foundation.  This program is distributed in the hope that it will  *
     8                                  ;be useful, but WITHOUT ANY WARRANTY; without even the implied warranty of MERCHANTABILITY or FITNESS FOR A PARTICULAR  *
     9                                  ;PURPOSE.  See the GNU General Public License for more details.  A copy of the GNU General Public License v3 is         *
    10                                  ;available here:  <https://www.gnu.org/licenses/>.                                                                      *
    11                                  ;************************************************************************************************************************
    12                                  
    13                                  ;Author information
    14                                  ;   Author name: Floyd Holliday
    15                                  ;   Author's email: holliday@fullerton.edu
    16                                  
    17                                  ;Function information
    18                                  ;   Function name: strlen
    19                                  ;   Programming language: X86
    20                                  ;   Language syntax: Intel
    21                                  ;   Function prototype:  int strlen(char *) 
    22                                  ;   Reference: none
    23                                  ;   Input parameter: an address to a byte in memory where a null-terminate string begins.
    24                                  ;   Output parameter: An integer representing the count of bytes in the string without counting the null char.
    25                                  
    26                                  ;Assemble: nasm -f elf64 -o strlen.o -l strlen.lis strlen.asm
    27                                  
    28                                  ;Date development began: 2018-April-15
    29                                  ;Date comments restructured: 2022-July-15
    30                                  
    31                                  
    32                                  ;===== Begin code section ==============================================================================================
    33                                  
    34                                  ;Declarations
    35                                  global strlen
    36                                  
    37                                  section .data
    38                                  ;This section is empty.
    39                                  
    40                                  section .bss
    41                                  ;This section is empty.
    42                                  
    43                                  section .text
    44                                  strlen:
    45                                  
    46                                  ;===== Backup segment ==================================================================================================
    47                                  ;No floating point data are used in this program.  Therefore, state components FPU, SSE, AVX are not backed up.
    48                                  
    49                                  ;=========== Back up all the GPR registers except rax, rsp, and rip ====================================================
    50                                  
    51 00000000 55                      push       rbp                          ;Save a copy of the stack base pointer
    52 00000001 4889E5                  mov        rbp, rsp                     ;We do this in order to be fully compatible with C and C++.
    53 00000004 53                      push       rbx                          ;Back up rbx
    54 00000005 51                      push       rcx                          ;Back up rcx
    55 00000006 52                      push       rdx                          ;Back up rdx
    56 00000007 56                      push       rsi                          ;Back up rsi
    57 00000008 57                      push       rdi                          ;Back up rdi
    58 00000009 4150                    push       r8                           ;Back up r8
    59 0000000B 4151                    push       r9                           ;Back up r9
    60 0000000D 4152                    push       r10                          ;Back up r10
    61 0000000F 4153                    push       r11                          ;Back up r11
    62 00000011 4154                    push       r12                          ;Back up r12
    63 00000013 4155                    push       r13                          ;Back up r13
    64 00000015 4156                    push       r14                          ;Back up r14
    65 00000017 4157                    push       r15                          ;Back up r15
    66 00000019 9C                      pushf                                   ;Back up rflags
    67                                  
    68                                  ;===== Application strlen begins here ==================================================================================
    69                                  
    70                                  ;Set up registers needed by the repnz instruction.
    71                                  ;rdi already holds the starting address of the array of char (the string).
    72 0000001A 4831C9                  xor        rcx, rcx                             ;This is a fast technique that zeros out rcx
    73 0000001D 48F7D1                  not        rcx                                  ;This is a fast instruction that flips all bits in rcx.  rcx now holds 0xFFFFFFFFFFFFFFFF, which is both -1 and 
    74                                  ;                                               ;the largest unsigned integer.  The same result could have been obtained by "mov rcx, 0xFFFFFFFFFFFFFFFF", but 
    75                                  ;                                               ;that is a slower operation.
    76 00000020 30C0                    xor        al, al                               ;Set the lowest 8 bits (1 byte) of rax to zero.  There is no need to use extra machine time to zero out all of 
    77                                  ;                                               ;rax because repnz only uses the lowest 8 bits of rax.
    78 00000022 FC                      cld                                             ;Clear the direction flag, which is a single bit inside of rflags register.  The term "clear" means "give it a
    79                                  ;                                               ;value of 0.  When the direction bit is zero the register rdi will increment by 1 in each iteration of the 
    80                                  ;                                               ;loop; otherwise, rdi will decrement in each iteration.
    81 00000023 F2AE                    repnz      scasb                                ;This is a compact loop construction.  In pseudocode it does the following::
    82                                  ;                                                   ;repeat
    83                                  ;                                                   ;    {rcx--;
    84                                  ;                                                   ;     rdx++;
    85                                  ;                                                   ;    }
    86                                  ;                                                   ;until (rcx == 0 || [rdi] == al);
    87                                  ;Since it is very unlikely that rcx will decement to zero the loop effectively continues until [rdi] equals null 
    88                                  ;(the value in the lowest 1 byte or rax).  Notice that the null character is counted in the number of iterations 
    89                                  ;of the loop.  In the next statements the count will be adjusted to compensate for the extra iteration.
    90                                  
    91 00000025 48F7D1                  not        rcx                                  ;Invert all the bits in rcx.  The result is the number of iterations of the loop
    92 00000028 48FFC9                  dec        rcx                                  ;Decrement rcx by one in order to avoid counting the null character.
    93 0000002B 4889C8                  mov        rax, rcx                             ;Copy the count into rax, which is the standard register for returning integers to a caller.
    94                                  
    95                                  ;=========== Restore GPR values and return to the caller ===============================================================
    96                                  
    97 0000002E 9D                      popf                                            ;Restore rflags
    98 0000002F 415F                    pop        r15                                  ;Restore r15
    99 00000031 415E                    pop        r14                                  ;Restore r14
   100 00000033 415D                    pop        r13                                  ;Restore r13
   101 00000035 415C                    pop        r12                                  ;Restore r12
   102 00000037 415B                    pop        r11                                  ;Restore r11
   103 00000039 415A                    pop        r10                                  ;Restore r10
   104 0000003B 4159                    pop        r9                                   ;Restore r9
   105 0000003D 4158                    pop        r8                                   ;Restore r8
   106 0000003F 5F                      pop        rdi                                  ;Restore rdi
   107 00000040 5E                      pop        rsi                                  ;Restore rsi
   108 00000041 5A                      pop        rdx                                  ;Restore rdx
   109 00000042 59                      pop        rcx                                  ;Restore rcx
   110 00000043 5B                      pop        rbx                                  ;Restore rbx
   111 00000044 5D                      pop        rbp                                  ;Restore rbp
   112                                  ;Notice that rax is not restored because it holds the value to be returned to the caller.
   113                                  ;                                            ;ret will pop the system stack into rip.  The value obtained is an 
   114                                  ;                                               ;address where the next instruction to be executed is stored.
   115                                  ;===== End of subprogram strlen ========================================================================================
   116                                  ;========1=========2=========3=========4=========5=========6=========7=========8=========9=========0=========1=========2
